This is pdfTeXk, Version 3.141592-1.40.3 (Web2C 7.5.6) (format=pdflatex 2010.2.23)  18 MAR 2010 08:23
entering extended mode
 %&-line parsing enabled.
**\input semantics.tex
(./semantics.tex (/usr/share/texmf/tex/latex/base/article.cls
Document Class: article 2005/09/16 v1.4f Standard LaTeX document class
(/usr/share/texmf/tex/latex/base/size12.clo
File: size12.clo 2005/09/16 v1.4f Standard LaTeX file (size option)
)
\c@part=\count79
\c@section=\count80
\c@subsection=\count81
\c@subsubsection=\count82
\c@paragraph=\count83
\c@subparagraph=\count84
\c@figure=\count85
\c@table=\count86
\abovecaptionskip=\skip41
\belowcaptionskip=\skip42
\bibindent=\dimen102
)
(/usr/share/texmf/tex/latex/amsmath/amsmath.sty
Package: amsmath 2000/07/18 v2.13 AMS math features
\@mathmargin=\skip43

For additional information on amsmath, use the `?' option.
(/usr/share/texmf/tex/latex/amsmath/amstext.sty
Package: amstext 2000/06/29 v2.01

(/usr/share/texmf/tex/latex/amsmath/amsgen.sty
File: amsgen.sty 1999/11/30 v2.0
\@emptytoks=\toks14
\ex@=\dimen103
))
(/usr/share/texmf/tex/latex/amsmath/amsbsy.sty
Package: amsbsy 1999/11/29 v1.2d
\pmbraise@=\dimen104
)
(/usr/share/texmf/tex/latex/amsmath/amsopn.sty
Package: amsopn 1999/12/14 v2.01 operator names
)
\inf@bad=\count87
LaTeX Info: Redefining \frac on input line 211.
\uproot@=\count88
\leftroot@=\count89
LaTeX Info: Redefining \overline on input line 307.
\classnum@=\count90
\DOTSCASE@=\count91
LaTeX Info: Redefining \ldots on input line 379.
LaTeX Info: Redefining \dots on input line 382.
LaTeX Info: Redefining \cdots on input line 467.
\Mathstrutbox@=\box26
\strutbox@=\box27
\big@size=\dimen105
LaTeX Font Info:    Redeclaring font encoding OML on input line 567.
LaTeX Font Info:    Redeclaring font encoding OMS on input line 568.
\macc@depth=\count92
\c@MaxMatrixCols=\count93
\dotsspace@=\muskip10
\c@parentequation=\count94
\dspbrk@lvl=\count95
\tag@help=\toks15
\row@=\count96
\column@=\count97
\maxfields@=\count98
\andhelp@=\toks16
\eqnshift@=\dimen106
\alignsep@=\dimen107
\tagshift@=\dimen108
\tagwidth@=\dimen109
\totwidth@=\dimen110
\lineht@=\dimen111
\@envbody=\toks17
\multlinegap=\skip44
\multlinetaggap=\skip45
\mathdisplay@stack=\toks18
LaTeX Info: Redefining \[ on input line 2666.
LaTeX Info: Redefining \] on input line 2667.
)
(/usr/share/texmf/tex/latex/amscls/amsthm.sty
Package: amsthm 2004/08/06 v2.20
\thm@style=\toks19
\thm@bodyfont=\toks20
\thm@headfont=\toks21
\thm@notefont=\toks22
\thm@headpunct=\toks23
\thm@preskip=\skip46
\thm@postskip=\skip47
\thm@headsep=\skip48
\dth@everypar=\toks24
)
(/usr/share/texmf/tex/latex/preprint/fullpage.sty
Package: fullpage 1999/02/23 1.1 (PWD)
\FP@margin=\skip49
)
(/usr/share/texmf/tex/latex/graphics/graphics.sty
Package: graphics 2006/02/20 v1.0o Standard LaTeX Graphics (DPC,SPQR)

(/usr/share/texmf/tex/latex/graphics/trig.sty
Package: trig 1999/03/16 v1.09 sin cos tan (DPC)
)
(/usr/share/texmf/tex/latex/config/graphics.cfg
File: graphics.cfg 2007/01/18 v1.5 graphics configuration of teTeX/TeXLive
)
Package graphics Info: Driver file: pdftex.def on input line 90.

(/usr/share/texmf/tex/latex/pdftex-def/pdftex.def
File: pdftex.def 2007/01/08 v0.04d Graphics/color for pdfTeX
\Gread@gobject=\count99
))
(/usr/share/texmf/tex/latex/graphics/color.sty
Package: color 2005/11/14 v1.0j Standard LaTeX Color (DPC)

(/usr/share/texmf/tex/latex/config/color.cfg
File: color.cfg 2007/01/18 v1.5 color configuration of teTeX/TeXLive
)
Package color Info: Driver file: pdftex.def on input line 130.
)
\c@thm=\count100
\c@defn=\count101
\c@conj=\count102
\c@note=\count103


Package amsthm Warning: Unknown theoremstyle `example' on input line 34.

\c@ex=\count104
(./semantics.aux

LaTeX Warning: Label `fig:product' multiply defined.

)
\openout1 = `semantics.aux'.

LaTeX Font Info:    Checking defaults for OML/cmm/m/it on input line 46.
LaTeX Font Info:    ... okay on input line 46.
LaTeX Font Info:    Checking defaults for T1/cmr/m/n on input line 46.
LaTeX Font Info:    ... okay on input line 46.
LaTeX Font Info:    Checking defaults for OT1/cmr/m/n on input line 46.
LaTeX Font Info:    ... okay on input line 46.
LaTeX Font Info:    Checking defaults for OMS/cmsy/m/n on input line 46.
LaTeX Font Info:    ... okay on input line 46.
LaTeX Font Info:    Checking defaults for OMX/cmex/m/n on input line 46.
LaTeX Font Info:    ... okay on input line 46.
LaTeX Font Info:    Checking defaults for U/cmr/m/n on input line 46.
LaTeX Font Info:    ... okay on input line 46.
 [1

{/usr/share/texmf/fonts/map/pdftex/updmap/pdftex.map}] [2]
LaTeX Font Info:    Try loading font information for OMS+cmr on input line 164.


(/usr/share/texmf/tex/latex/base/omscmr.fd
File: omscmr.fd 1999/05/25 v2.5h Standard LaTeX font definitions
)
LaTeX Font Info:    Font shape `OMS/cmr/m/n' in size <12> not available
(Font)              Font shape `OMS/cmsy/m/n' tried instead on input line 164.
 [3] [4]
LaTeX Font Info:    Font shape `OMS/cmr/m/it' in size <12> not available
(Font)              Font shape `OMS/cmsy/m/n' tried instead on input line 294.
 [5] [6]
Overfull \hbox (104.91571pt too wide) in paragraph at lines 453--460
\OT1/cmr/m/n/12 primes (atomic ac-tions) are: $[][0]\OML/cmm/m/it/12 ; [] ; []\
OT1/cmr/m/n/12 [255]\OML/cmm/m/it/12 ; []\OT1/cmr/m/n/12 [0]\OML/cmm/m/it/12 ; 
[] ; []\OT1/cmr/m/n/12 [255]\OML/cmm/m/it/12 ; []\OT1/cmr/m/n/12 [0\OML/cmm/m/i
t/12 ; \OT1/cmr/m/n/12 0]\OML/cmm/m/it/12 ; [] ; []\OT1/cmr/m/n/12 [0\OML/cmm/m
/it/12 ; \OT1/cmr/m/n/12 255]\OML/cmm/m/it/12 ; texttt[]\OT1/cmr/m/n/12 [1\OML/
cmm/m/it/12 ; \OT1/cmr/m/n/12 0]\OML/cmm/m/it/12 ; []$\OT1/cmr/m/n/12 .
 []

[7]
Overfull \hbox (41.95123pt too wide) in alignment at lines 489--521
 [][][] []
 []

(./order.pstex_t <order.pdf, id=39, 164.615pt x 94.3525pt>
File: order.pdf Graphic file (type pdf)
 <use order.pdf>)
[8 <./order.pdf>] (./choice.pstex_t <choice.pdf, id=46, 168.63pt x 94.3525pt>
File: choice.pdf Graphic file (type pdf)

<use choice.pdf>) [9 <./choice.pdf>] [10] (./interface.pstex_t
<interface.pdf, id=56, 308.15125pt x 192.72pt>
File: interface.pdf Graphic file (type pdf)
 <use interface.pdf>
LaTeX Font Info:    Calculating math sizes for size <14> on input line 14.
) [11]
(./reference.pstex_t <reference.pdf, id=60, 308.15125pt x 192.72pt>
File: reference.pdf Graphic file (type pdf)

<use reference.pdf>) (./abstraction.pstex_t
<abstraction.pdf, id=61, 308.15125pt x 192.72pt>
File: abstraction.pdf Graphic file (type pdf)
 <use abstraction.pdf>)
[12 <./interface.pdf>] (./composition.pstex_t
<composition.pdf, id=69, 463.7325pt x 242.9075pt>
File: composition.pdf Graphic file (type pdf)
 <use composition.pdf>)
(./product.pstex_t <product.pdf, id=70, 470.75874pt x 246.9225pt>
File: product.pdf Graphic file (type pdf)

<use product.pdf>)
Overfull \hbox (0.85439pt too wide) in paragraph at lines 3--834
 [][][] 
 []

(./union.pstex_t <union.pdf, id=71, 465.74pt x 339.2675pt>
File: union.pdf Graphic file (type pdf)
 <use union.pdf>)
[13 <./reference.pdf> <./abstraction.pdf>] [14 <./composition.pdf>] [15 <./prod
uct.pdf>] [16 <./union.pdf>] [17] (./semantics.aux)

LaTeX Warning: There were multiply-defined labels.

 ) 
Here is how much of TeX's memory you used:
 1403 strings out of 256216
 16104 string characters out of 1917072
 73929 words of memory out of 1500000
 4679 multiletter control sequences out of 10000+200000
 14437 words of font info for 55 fonts, out of 1200000 for 2000
 645 hyphenation exceptions out of 8191
 27i,12n,20p,231b,322s stack positions out of 5000i,500n,6000p,200000b,15000s
</usr/share/texmf/fonts/type1/bluesky/cm/cmbx10.pfb></usr/share/texmf/fonts/t
ype1/bluesky/cm/cmbx12.pfb></usr/share/texmf/fonts/type1/bluesky/cm/cmex10.pfb>
</usr/share/texmf/fonts/type1/bluesky/cm/cmmi10.pfb></usr/share/texmf/fonts/typ
e1/bluesky/cm/cmmi12.pfb></usr/share/texmf/fonts/type1/bluesky/cm/cmmi5.pfb></u
sr/share/texmf/fonts/type1/bluesky/cm/cmmi6.pfb></usr/share/texmf/fonts/type1/b
luesky/cm/cmmi7.pfb></usr/share/texmf/fonts/type1/bluesky/cm/cmmi8.pfb></usr/sh
are/texmf/fonts/type1/bluesky/cm/cmr10.pfb></usr/share/texmf/fonts/type1/bluesk
y/cm/cmr12.pfb></usr/share/texmf/fonts/type1/bluesky/cm/cmr17.pfb></usr/share/t
exmf/fonts/type1/bluesky/cm/cmr5.pfb></usr/share/texmf/fonts/type1/bluesky/cm/c
mr6.pfb></usr/share/texmf/fonts/type1/bluesky/cm/cmr7.pfb></usr/share/texmf/fon
ts/type1/bluesky/cm/cmr8.pfb></usr/share/texmf/fonts/type1/bluesky/cm/cmsy10.pf
b></usr/share/texmf/fonts/type1/bluesky/cm/cmsy8.pfb></usr/share/texmf/fonts/ty
pe1/bluesky/cm/cmsy9.pfb></usr/share/texmf/fonts/type1/bluesky/cm/cmti12.pfb></
usr/share/texmf/fonts/type1/bluesky/cm/cmtt12.pfb></usr/share/texmf/fonts/type1
/bluesky/cm/cmtt8.pfb>
Output written on semantics.pdf (17 pages, 198687 bytes).
PDF statistics:
 186 PDF objects out of 1000 (max. 8388607)
 0 named destinations out of 1000 (max. 131072)
 41 words of extra memory for PDF output out of 10000 (max. 10000000)

