This is pdfTeXk, Version 3.141592-1.40.3 (Web2C 7.5.6) (format=pdflatex 2010.9.6)  16 SEP 2010 11:33
entering extended mode
 %&-line parsing enabled.
**\input "Applications of the Formal Language Theory.tex"
(./Applications of the Formal Language Theory.tex
(/usr/share/texmf/tex/latex/base/book.cls
Document Class: book 2005/09/16 v1.4f Standard LaTeX document class
(/usr/share/texmf/tex/latex/base/bk10.clo
File: bk10.clo 2005/09/16 v1.4f Standard LaTeX file (size option)
)
\c@part=\count79
\c@chapter=\count80
\c@section=\count81
\c@subsection=\count82
\c@subsubsection=\count83
\c@paragraph=\count84
\c@subparagraph=\count85
\c@figure=\count86
\c@table=\count87
\abovecaptionskip=\skip41
\belowcaptionskip=\skip42
\bibindent=\dimen102
)
(./Applications of the Formal Language Theory.aux)
\openout1 = `"Applications of the Formal Language Theory.aux"'.

LaTeX Font Info:    Checking defaults for OML/cmm/m/it on input line 11.
LaTeX Font Info:    ... okay on input line 11.
LaTeX Font Info:    Checking defaults for T1/cmr/m/n on input line 11.
LaTeX Font Info:    ... okay on input line 11.
LaTeX Font Info:    Checking defaults for OT1/cmr/m/n on input line 11.
LaTeX Font Info:    ... okay on input line 11.
LaTeX Font Info:    Checking defaults for OMS/cmsy/m/n on input line 11.
LaTeX Font Info:    ... okay on input line 11.
LaTeX Font Info:    Checking defaults for OMX/cmex/m/n on input line 11.
LaTeX Font Info:    ... okay on input line 11.
LaTeX Font Info:    Checking defaults for U/cmr/m/n on input line 11.
LaTeX Font Info:    ... okay on input line 11.
LaTeX Font Info:    External font `cmex10' loaded for size
(Font)              <12> on input line 12.
LaTeX Font Info:    External font `cmex10' loaded for size
(Font)              <8> on input line 12.
LaTeX Font Info:    External font `cmex10' loaded for size
(Font)              <6> on input line 12.
 [1


{/usr/share/texmf/fonts/map/pdftex/updmap/pdftex.map}] [2

]
LaTeX Font Info:    Try loading font information for OMS+cmr on input line 23.
 (/usr/share/texmf/tex/latex/base/omscmr.fd
File: omscmr.fd 1999/05/25 v2.5h Standard LaTeX font definitions
)
LaTeX Font Info:    Font shape `OMS/cmr/m/n' in size <10> not available
(Font)              Font shape `OMS/cmsy/m/n' tried instead on input line 23.

[3] [4

]
Chapter 1.
LaTeX Font Info:    External font `cmex10' loaded for size
(Font)              <7> on input line 77.
LaTeX Font Info:    External font `cmex10' loaded for size
(Font)              <5> on input line 77.
[5]
Overfull \hbox (36.42218pt too wide) in paragraph at lines 126--128
[]\OT1/cmr/m/n/10 A type de-fines a set of \OT1/cmr/m/it/10 val-ues\OT1/cmr/m/n
/10 . Type []\OT1/cmtt/m/n/10 digit \OT1/cmr/m/n/10 has ten val-ues and type []
\OT1/cmtt/m/n/10 string_of_digits
 []


Overfull \hbox (304.26306pt too wide) has occurred while \output is active
\OT1/cmr/m/n/10 6 \OT1/cmr/m/sl/10 CHAPTER 1.  DESCRIBING INFINITE OBJECTS WITH
 FINITE ALPHABET   \OT1/cmr/m/sl/12 UNTIL WHAT CAN WE COUNT ON OUR FINGERS?
 []


Overfull \vbox (24.78606pt too high) has occurred while \output is active []


[6] (./Applications of the Formal Language Theory.aux) ) 
Here is how much of TeX's memory you used:
 288 strings out of 256216
 3440 string characters out of 1917001
 51804 words of memory out of 1500000
 3641 multiletter control sequences out of 10000+200000
 10326 words of font info for 36 fonts, out of 1200000 for 2000
 645 hyphenation exceptions out of 8191
 23i,6n,19p,282b,196s stack positions out of 5000i,500n,6000p,200000b,15000s
</usr/share/texmf/fonts
/type1/bluesky/cm/cmbx12.pfb></usr/share/texmf/fonts/type1/bluesky/cm/cmr10.pfb
></usr/share/texmf/fonts/type1/bluesky/cm/cmr12.pfb></usr/share/texmf/fonts/typ
e1/bluesky/cm/cmr17.pfb></usr/share/texmf/fonts/type1/bluesky/cm/cmsl10.pfb></u
sr/share/texmf/fonts/type1/bluesky/cm/cmsl12.pfb></usr/share/texmf/fonts/type1/
bluesky/cm/cmsy10.pfb></usr/share/texmf/fonts/type1/bluesky/cm/cmti10.pfb></usr
/share/texmf/fonts/type1/bluesky/cm/cmtt10.pfb>
Output written on "Applications of the Formal Language Theory.pdf" (6 pages, 72
104 bytes).
PDF statistics:
 57 PDF objects out of 1000 (max. 8388607)
 0 named destinations out of 1000 (max. 131072)
 1 words of extra memory for PDF output out of 10000 (max. 10000000)

